{"level":"info","message":{"ip":"::1","method":"POST","url":"/auth/register"},"timestamp":"2025-08-03T13:27:22.787Z"}
{"level":"info","message":{"ip":"::1","method":"POST","url":"/auth/register"},"timestamp":"2025-08-03T13:27:32.620Z"}
{"level":"info","message":{"ip":"::1","method":"POST","url":"/auth/register"},"timestamp":"2025-08-03T13:28:10.970Z"}
{"level":"info","message":"Registering user: organizer10@example.com","timestamp":"2025-08-03T13:28:10.972Z"}
{"level":"info","message":"User created: 688f63eb8836810fbee4013e","timestamp":"2025-08-03T13:28:12.266Z"}
{"level":"info","message":{"ip":"::1","method":"POST","url":"/auth/register"},"timestamp":"2025-08-03T13:40:03.699Z"}
{"level":"info","message":"Registering user: organizer10@example.com","timestamp":"2025-08-03T13:40:03.742Z"}
{"level":"info","message":"User created: 688f66b4c11e2f8bc960dd00","timestamp":"2025-08-03T13:40:05.806Z"}
{"level":"info","message":{"ip":"::1","method":"POST","url":"/auth/register"},"timestamp":"2025-08-03T13:43:54.132Z"}
{"level":"info","message":"Registering user: organizer10@example.com","timestamp":"2025-08-03T13:43:54.144Z"}
{"level":"info","message":"User created: 688f679ac11e2f8bc960dd03","timestamp":"2025-08-03T13:43:55.057Z"}
{"level":"info","message":{"ip":"::1","method":"POST","url":"/auth/register"},"timestamp":"2025-08-03T13:46:04.925Z"}
{"level":"info","message":"Registering user: attendee@example.com","timestamp":"2025-08-03T13:46:04.928Z"}
{"level":"info","message":"User created: 688f681dc11e2f8bc960dd06","timestamp":"2025-08-03T13:46:05.891Z"}
{"level":"info","message":{"ip":"::1","method":"POST","url":"/auth/login"},"timestamp":"2025-08-03T13:47:00.055Z"}
{"level":"info","message":{"ip":"::1","method":"POST","url":"/auth/login"},"timestamp":"2025-08-03T13:47:09.580Z"}
{"level":"info","message":{"ip":"::1","method":"POST","url":"/auth/protected"},"timestamp":"2025-08-03T13:47:30.805Z"}
{"level":"info","message":{"ip":"::1","method":"GET","url":"/auth/protected"},"timestamp":"2025-08-03T13:47:41.825Z"}
{"level":"info","message":{"ip":"::1","method":"POST","url":"/auth/login"},"timestamp":"2025-08-03T13:48:15.329Z"}
{"level":"info","message":{"ip":"::1","method":"GET","url":"/auth/protected"},"timestamp":"2025-08-03T13:48:45.245Z"}
{"level":"info","message":{"ip":"::1","method":"GET","url":"/auth/events"},"timestamp":"2025-08-03T13:49:15.686Z"}
{"level":"info","message":{"ip":"::1","method":"GET","url":"/events"},"timestamp":"2025-08-03T13:49:26.112Z"}
{"level":"info","message":{"ip":"::ffff:127.0.0.1","method":"OPTIONS","url":"/auth/login"},"timestamp":"2025-08-03T20:42:09.652Z"}
{"level":"info","message":{"ip":"::ffff:127.0.0.1","method":"POST","url":"/auth/login"},"timestamp":"2025-08-03T20:42:09.666Z"}
{"level":"info","message":{"ip":"::ffff:127.0.0.1","method":"GET","url":"/events"},"timestamp":"2025-08-03T20:50:59.923Z"}
{"level":"info","message":{"ip":"::ffff:127.0.0.1","method":"GET","url":"/events"},"timestamp":"2025-08-03T20:51:12.985Z"}
